<?xml version="1.0" encoding="UTF-8" ?>
<testsuite tests="20" failures="0" name="com.revature.services.ReimbServiceTest" time="0.08" errors="0" skipped="0">
  <properties>
[...]
</properties>
  <testcase classname="com.revature.services.ReimbServiceTest" name="getAllUserReimbsbyIDStatusZeroTest" time="0.018"/>
  <testcase classname="com.revature.services.ReimbServiceTest" name="getAllUSerReimbsbyIDStatusNoneTest" time="0.002"/>
  <testcase classname="com.revature.services.ReimbServiceTest" name="getAllReimbsbyStatusZeroTest" time="0.001"/>
  <testcase classname="com.revature.services.ReimbServiceTest" name="getAllReimbsTest" time="0.001"/>
  <testcase classname="com.revature.services.ReimbServiceTest" name="updateReimbTest" time="0.051"/>
  <testcase classname="com.revature.services.ReimbServiceTest" name="getAllReimbsbyStatusNoneTest" time="0"/>
  <testcase classname="com.revature.services.ReimbServiceTest" name="addNewReimbursementTest" time="0"/>
  <testcase classname="com.revature.services.ReimbServiceTest" name="getAllUSerReimbsbyStatusNoneTest" time="0.001"/>
  <testcase classname="com.revature.services.ReimbServiceTest" name="getAllReimbsbyTypeNoneTest" time="0.001"/>
  <testcase classname="com.revature.services.ReimbServiceTest" name="updateReimbInvalidStatus" time="0.001"/>
  <testcase classname="com.revature.services.ReimbServiceTest" name="addNewReimbursementFailTest" time="0.001"/>
  <testcase classname="com.revature.services.ReimbServiceTest" name="getAllReimbsbyUSerIdTest" time="0"/>
  <testcase classname="com.revature.services.ReimbServiceTest" name="getAllReimbsbyIdStatusTest" time="0.001"/>
  <testcase classname="com.revature.services.ReimbServiceTest" name="getAllUserReimbsbyStatusZeroTest" time="0"/>
  <testcase classname="com.revature.services.ReimbServiceTest" name="updateReimbInvalidInputTest" time="0"/>
  <testcase classname="com.revature.services.ReimbServiceTest" name="updateReimbStatus" time="0.001"/>
  <testcase classname="com.revature.services.ReimbServiceTest" name="updateReimbInvalidTest" time="0.001"/>
  <testcase classname="com.revature.services.ReimbServiceTest" name="getAllReimbsbyStatusTest" time="0"/>
  <testcase classname="com.revature.services.ReimbServiceTest" name="getAllReimbsbyTypeTest" time="0"/>
  <testcase classname="com.revature.services.ReimbServiceTest" name="getAllReimbsNoneTest" time="0"/>
</testsuite>